1596662319572	mozrunner::runner	INFO	Running command: "C:\\Program Files\\Mozilla Firefox\\firefox.exe" "-marionette" "-foreground" "-no-remote" "-profile" "C:\\Users\\TEMP\\AppData\\Local\\Temp\\rust_mozprofile327hzs"
JavaScript error: resource://gre/modules/XULStore.jsm, line 66: Error: Can't find profile directory.
1596662355642	Marionette	INFO	Listening on port 39468
1596662356052	Marionette	WARN	TLS certificate errors will be ignored for this session
1596662362184	Marionette	INFO	Stopped listening on port 39468

###!!! [Child][RunMessage] Error: Channel closing: too late to send/recv, messages will be lost


###!!! [Child][MessageChannel::SendAndWait] Error: Channel error: cannot send/recv

1596662371971	mozrunner::runner	INFO	Running command: "C:\\Program Files\\Mozilla Firefox\\firefox.exe" "-marionette" "-foreground" "-no-remote" "-profile" "C:\\Users\\TEMP\\AppData\\Local\\Temp\\rust_mozprofileU6Ct0l"
JavaScript error: resource://gre/modules/XULStore.jsm, line 66: Error: Can't find profile directory.
1596662381610	Marionette	INFO	Listening on port 39581
1596662381738	Marionette	WARN	TLS certificate errors will be ignored for this session
1596662400096	Marionette	INFO	Stopped listening on port 39581

###!!! [Child][RunMessage] Error: Channel closing: too late to send/recv, messages will be lost


###!!! [Child][MessageChannel::SendAndWait] Error: Channel error: cannot send/recv

1596662730563	mozrunner::runner	INFO	Running command: "C:\\Program Files\\Mozilla Firefox\\firefox.exe" "-marionette" "-foreground" "-no-remote" "-profile" "C:\\Users\\TEMP\\AppData\\Local\\Temp\\rust_mozprofile7fprLB"
JavaScript error: resource://gre/modules/XULStore.jsm, line 66: Error: Can't find profile directory.

###!!! [Child][RunMessage] Error: Channel closing: too late to send/recv, messages will be lost

1596662749054	Marionette	INFO	Listening on port 39975
1596662749388	Marionette	WARN	TLS certificate errors will be ignored for this session
1596662766405	Marionette	INFO	Stopped listening on port 39975
JavaScript error: https://admin-demo.nopcommerce.com/lib/jquery/jquery-3.4.1.min.js, line 2: NS_ERROR_NOT_INITIALIZED: 

###!!! [Child][RunMessage] Error: Channel closing: too late to send/recv, messages will be lost


###!!! [Child][MessageChannel::SendAndWait] Error: Channel error: cannot send/recv

te@resource:///modules/sessionstore/SessionSaver.jsm:294:17\n_saveStateAsync@resource:///modules/sessionstore/SessionSaver.jsm:344:10\nsaveStateAsyncWhenIdle@resource:///modules/sessionstore/SessionSaver.jsm:191:14\ncallback@resource://gre/modules/Timer.jsm:127:16\n"
1596662743646	Marionette	INFO	Listening on port 39974
1596662744122	Marionette	WARN	TLS certificate errors will be ignored for this session
1596662758504	Marionette	INFO	Stopped listening on port 39974
JavaScript error: resource://services-settings/RemoteSettingsClient.jsm, line 115: Error: Unknown callback
JavaScript error: resource://gre/modules/UrlClassifierListManager.jsm, line 691: TypeError: this.tablesData[table] is undefined

###!!! [Child][MessageChannel::SendAndWait] Error: Channel error: cannot send/recv

1596799982650	mozrunner::runner	INFO	Running command: "C:\\Program Files\\Mozilla Firefox\\firefox.exe" "-marionette" "-foreground" "-no-remote" "-profile" "C:\\Users\\TEMP\\AppData\\Local\\Temp\\rust_mozprofilesE4EUq"
JavaScript error: resource://gre/modules/XULStore.jsm, line 66: Error: Can't find profile directory.
console.error: "Could not write session state file " (new Error("_initWorker called too early! Please read the session file from disk first.", "resource:///modules/sessionstore/SessionFile.jsm", 375)) "_initWorker/<@resource:///modules/sessionstore/SessionFile.jsm:375:15\n_initWorker@resource:///modules/sessionstore/SessionFile.jsm:368:12\n_postToWorker@resource:///modules/sessionstore/SessionFile.jsm:410:16\nwrite@resource:///modules/sessionstore/SessionFile.jsm:448:24\nwrite@resource:///modules/sessionstore/SessionFile.jsm:75:32\n_writeState@resource:///modules/sessionstore/SessionSaver.jsm:360:24\n_saveState@resource:///modules/sessionstore/SessionSaver.jsm:294:17\n_saveStateAsync@resource:///modules/sessionstore/SessionSaver.jsm:344:10\nsaveStateAsyncWhenIdle@resource:///modules/sessionstore/SessionSaver.jsm:191:14\ncallback@resource://gre/modules/Timer.jsm:127:16\n"
1596800018607	Marionette	INFO	Listening on port 28365
1596800019093	Marionette	WARN	TLS certificate errors will be ignored for this session
1596800062706	Marionette	INFO	Stopped listening on port 28365

###!!! [Parent][RunMessage] Error: Channel error: cannot send/recv


###!!! [Parent][RunMessage] Error: Channel error: cannot send/recv


###!!! [Child][RunMessage] Error: Channel closing: too late to send/recv, messages will be lost


###!!! [Child][MessageChannel::SendAndWait] Error: (msgtype=0x5E0005,name=PImageBridge::Msg_WillClose) Channel error: cannot send/recv

